Build started 1/23/2020 11:39:05 AM.
     1>Project "C:\Users\nmessa\Desktop\MyC++\Lab Exercise 1.23.2020\IOManip Demo\IOManip Demo\IOManip Demo.vcxproj" on node 2 (build target(s)).
     1>PrepareForBuild:
         Creating directory "C:\Users\nmessa\Desktop\MyC++\Lab Exercise 1.23.2020\IOManip Demo\Debug\".
       InitializeBuildStatus:
         Creating "Debug\IOManip Demo.unsuccessfulbuild" because "AlwaysCreate" was specified.
       ClCompile:
         C:\Program Files (x86)\Microsoft Visual Studio 10.0\VC\bin\CL.exe /c /ZI /nologo /W3 /WX- /Od /Oy- /D _MBCS /Gm /EHsc /RTC1 /MDd /GS /fp:precise /Zc:wchar_t /Zc:forScope /Fo"Debug\\" /Fd"Debug\vc100.pdb" /Gd /TP /analyze- /errorReport:prompt main.cpp
         main.cpp
       Link:
         C:\Program Files (x86)\Microsoft Visual Studio 10.0\VC\bin\link.exe /ERRORREPORT:PROMPT /OUT:"C:\Users\nmessa\Desktop\MyC++\Lab Exercise 1.23.2020\IOManip Demo\Debug\IOManip Demo.exe" /NOLOGO kernel32.lib user32.lib gdi32.lib winspool.lib comdlg32.lib advapi32.lib shell32.lib ole32.lib oleaut32.lib uuid.lib odbc32.lib odbccp32.lib /MANIFEST /ManifestFile:"Debug\IOManip Demo.exe.intermediate.manifest" /MANIFESTUAC:"level='asInvoker' uiAccess='false'" /DEBUG /PDB:"C:\Users\nmessa\Desktop\MyC++\Lab Exercise 1.23.2020\IOManip Demo\Debug\IOManip Demo.pdb" /SUBSYSTEM:CONSOLE /TLBID:1 /DYNAMICBASE /NXCOMPAT /IMPLIB:"C:\Users\nmessa\Desktop\MyC++\Lab Exercise 1.23.2020\IOManip Demo\Debug\IOManip Demo.lib" /MACHINE:X86 Debug\main.obj
         IOManip Demo.vcxproj -> C:\Users\nmessa\Desktop\MyC++\Lab Exercise 1.23.2020\IOManip Demo\Debug\IOManip Demo.exe
       Manifest:
         C:\Program Files (x86)\Microsoft SDKs\Windows\v7.0A\bin\mt.exe /nologo /verbose /outputresource:"C:\Users\nmessa\Desktop\MyC++\Lab Exercise 1.23.2020\IOManip Demo\Debug\IOManip Demo.exe;#1" /manifest "Debug\IOManip Demo.exe.intermediate.manifest"
       FinalizeBuildStatus:
         Deleting file "Debug\IOManip Demo.unsuccessfulbuild".
         Touching "Debug\IOManip Demo.lastbuildstate".
     1>Done Building Project "C:\Users\nmessa\Desktop\MyC++\Lab Exercise 1.23.2020\IOManip Demo\IOManip Demo\IOManip Demo.vcxproj" (build target(s)).

Build succeeded.

Time Elapsed 00:00:01.96
